2018-10-26 00:10:59,505 [LOGIN START...]
2018-10-26 00:10:59,505 [Login SUCCESS]
2018-10-26 05:32:13,406 [Login exception]
2018-10-26 05:33:32,754 [LoadSrcFile START...]
2018-10-26 05:33:32,754 [LoadSrcFile SUCCESS]
2018-10-26 05:34:23,229 [LoadSrcFile START...]
2018-10-26 05:34:23,230 [LoadSrcFile SUCCESS]
2018-10-26 05:36:52,875 [LoadSrcFile START...]
2018-10-26 05:36:52,876 [LoadSrcFile SUCCESS]
2018-10-26 05:38:11,001 [LoadSrcFile START...]
2018-10-26 05:38:11,001 [LoadSrcFile SUCCESS]
2018-10-26 06:30:07,805 [LoadSrcFile START...]
2018-10-26 06:30:07,805 [LoadSrcFile SUCCESS]
2018-10-26 06:31:31,095 [LoadSrcFile START...]
2018-10-26 06:31:31,095 [LoadSrcFile SUCCESS]
2018-10-26 06:31:59,865 [LoadSrcFile START...]
2018-10-26 06:31:59,865 [LoadSrcFile SUCCESS]
2018-10-26 06:32:29,282 [LoadSrcFile START...]
2018-10-26 06:32:29,282 [LoadSrcFile SUCCESS]
2018-10-26 06:32:38,386 [LoadSrcFile START...]
2018-10-26 06:32:38,386 [LoadSrcFile SUCCESS]
2018-10-26 06:34:04,128 [LoadSrcFile START...]
2018-10-26 06:34:04,128 [LoadSrcFile SUCCESS]
2018-10-26 06:34:54,439 [LoadSrcFile START...]
2018-10-26 06:34:54,439 [LoadSrcFile SUCCESS]
2018-10-26 06:35:38,020 [LoadSrcFile START...]
2018-10-26 06:35:38,020 [LoadSrcFile SUCCESS]
2018-10-26 06:42:41,225 [LoadSrcFile START...]
2018-10-26 06:42:41,225 [LoadSrcFile SUCCESS]
2018-10-26 06:46:15,494 [LoadSrcFile START...]
2018-10-26 06:46:15,494 [LoadSrcFile SUCCESS]
2018-10-27 12:46:06,479 [LoadSrcFile START...]
2018-10-27 12:46:06,479 [LoadSrcFile SUCCESS]
2018-10-27 12:52:18,578 [LoadSrcFile START...]
2018-10-27 12:52:18,578 [LoadSrcFile SUCCESS]
2018-10-27 12:57:30,032 [LoadSrcFile START...]
2018-10-27 12:57:30,033 [LoadSrcFile SUCCESS]
2018-10-27 12:58:13,949 [LoadSrcFile START...]
2018-10-27 12:58:13,949 [LoadSrcFile SUCCESS]
2018-10-27 15:29:16,752 [LoadSrcFile START...]
2018-10-27 15:29:16,752 [LoadSrcFile SUCCESS]
2018-10-27 15:35:35,975 [LoadSrcFile START...]
2018-10-27 15:35:35,975 [LoadSrcFile SUCCESS]
2018-10-27 15:38:35,289 [LoadSrcFile START...]
2018-10-27 15:38:35,289 [LoadSrcFile SUCCESS]
2018-10-27 15:42:10,495 [LoadSrcFile START...]
2018-10-27 15:42:10,496 [LoadSrcFile SUCCESS]
2018-10-27 15:47:35,193 [LoadSrcFile START...]
2018-10-27 15:47:35,193 [LoadSrcFile SUCCESS]
2018-10-27 15:48:34,489 [LoadSrcFile START...]
2018-10-27 15:48:34,489 [LoadSrcFile SUCCESS]
2018-10-27 16:01:01,701 [LoadSrcFile START...]
2018-10-27 16:01:01,702 [LoadSrcFile SUCCESS]
2018-10-27 16:07:01,357 [LoadSrcFile START...]
2018-10-27 16:07:01,358 [LoadSrcFile SUCCESS]
2018-10-27 16:09:44,345 [LoadSrcFile START...]
2018-10-27 16:09:44,346 [LoadSrcFile SUCCESS]
2018-10-27 16:12:11,483 [LoadSrcFile START...]
2018-10-27 16:12:11,485 [LoadSrcFile SUCCESS]
2018-10-27 16:13:32,761 [LoadSrcFile START...]
2018-10-27 16:13:32,761 [LoadSrcFile SUCCESS]
2018-10-27 16:15:24,151 [LoadSrcFile START...]
2018-10-27 16:15:24,151 [LoadSrcFile SUCCESS]
2018-10-27 16:21:40,630 [LoadSrcFile START...]
2018-10-27 16:21:40,631 [LoadSrcFile SUCCESS]
2018-10-27 16:22:21,387 [LoadSrcFile START...]
2018-10-27 16:22:21,388 [LoadSrcFile SUCCESS]
2018-10-28 10:47:54,254 [LoadSrcFile START...]
2018-10-28 10:47:54,254 [LoadSrcFile SUCCESS]
2018-10-28 10:49:47,346 [LoadSrcFile START...]
2018-10-28 10:49:47,348 [LoadSrcFile SUCCESS]
2018-10-28 11:04:46,797 [LoadSrcFile START...]
2018-10-28 11:04:46,798 [LoadSrcFile SUCCESS]
2018-10-28 11:05:30,412 [LoadSrcFile START...]
2018-10-28 11:05:30,412 [LoadSrcFile SUCCESS]
2018-10-28 11:06:06,602 [LoadSrcFile START...]
2018-10-28 11:06:06,602 [LoadSrcFile SUCCESS]
2018-10-28 11:10:14,941 [LoadSrcFile START...]
2018-10-28 11:10:14,941 [LoadSrcFile SUCCESS]
2018-10-28 11:11:10,563 [LoadSrcFile START...]
2018-10-28 11:11:10,564 [LoadSrcFile SUCCESS]
2018-10-28 11:11:48,178 [LoadSrcFile START...]
2018-10-28 11:11:48,178 [LoadSrcFile SUCCESS]
2018-10-28 11:13:04,323 [LoadSrcFile START...]
2018-10-28 11:13:04,324 [LoadSrcFile SUCCESS]
2018-10-28 11:24:28,984 [LoadSrcFile START...]
2018-10-28 11:24:28,984 [LoadSrcFile SUCCESS]
2018-10-29 11:44:02,745 [LoadSrcFile START...]
2018-10-29 11:44:02,746 [LoadSrcFile SUCCESS]
2018-10-29 11:51:59,873 [LoadSrcFile START...]
2018-10-29 11:51:59,873 [LoadSrcFile SUCCESS]
2018-10-29 11:52:31,438 [LoadSrcFile START...]
2018-10-29 11:52:31,438 [LoadSrcFile SUCCESS]
2018-10-29 11:54:14,873 [LoadSrcFile START...]
2018-10-29 11:54:14,873 [LoadSrcFile SUCCESS]
2018-10-29 11:59:28,234 [LoadSrcFile START...]
2018-10-29 11:59:28,234 [LoadSrcFile SUCCESS]
2018-10-29 12:04:19,945 [LoadSrcFile START...]
2018-10-29 12:04:19,945 [LoadSrcFile SUCCESS]
2018-10-29 12:04:44,080 [LoadSrcFile START...]
2018-10-29 12:04:44,080 [LoadSrcFile SUCCESS]
2018-10-29 12:13:59,452 [LoadSrcFile START...]
2018-10-29 12:13:59,452 [LoadSrcFile SUCCESS]
2018-10-29 12:14:44,284 [LoadSrcFile START...]
2018-10-29 12:14:44,284 [LoadSrcFile SUCCESS]
2018-10-29 12:43:55,575 [LoadSrcFile START...]
2018-10-29 12:43:55,575 [LoadSrcFile SUCCESS]
2018-10-29 12:46:48,107 [LoadSrcFile START...]
2018-10-29 12:46:48,107 [LoadSrcFile SUCCESS]
2018-10-29 12:48:49,171 [LoadSrcFile START...]
2018-10-29 12:48:49,172 [LoadSrcFile SUCCESS]
2018-10-29 12:52:17,687 [LoadSrcFile START...]
2018-10-29 12:52:17,688 [LoadSrcFile SUCCESS]
2018-10-29 12:53:55,127 [LoadSrcFile START...]
2018-10-29 12:53:55,127 [LoadSrcFile SUCCESS]
2018-10-29 12:54:34,696 [LoadSrcFile START...]
2018-10-29 12:54:34,696 [LoadSrcFile SUCCESS]
2018-10-29 12:56:27,800 [LoadSrcFile START...]
2018-10-29 12:56:27,800 [LoadSrcFile SUCCESS]
2018-10-29 13:00:23,723 [LoadSrcFile START...]
2018-10-29 13:00:23,723 [LoadSrcFile SUCCESS]
2018-10-29 13:04:51,490 [LoadSrcFile START...]
2018-10-29 13:04:51,490 [LoadSrcFile SUCCESS]
2018-10-29 13:07:09,024 [LoadSrcFile START...]
2018-10-29 13:07:09,024 [LoadSrcFile SUCCESS]
2018-10-29 13:07:59,299 [LoadSrcFile START...]
2018-10-29 13:07:59,299 [LoadSrcFile SUCCESS]
2018-10-29 13:09:27,694 [LoadSrcFile START...]
2018-10-29 13:09:27,694 [LoadSrcFile SUCCESS]
2018-10-29 13:11:45,490 [LoadSrcFile START...]
2018-10-29 13:11:45,490 [LoadSrcFile SUCCESS]
2018-10-29 13:14:25,059 [LoadSrcFile START...]
2018-10-29 13:14:25,060 [LoadSrcFile SUCCESS]
2018-10-29 13:15:05,901 [LoadSrcFile START...]
2018-10-29 13:15:05,901 [LoadSrcFile SUCCESS]
2018-10-29 13:17:20,522 [LoadSrcFile START...]
2018-10-29 13:17:20,522 [LoadSrcFile SUCCESS]
2018-10-29 23:05:58,654 [LoadSrcFile START...]
2018-10-29 23:05:58,654 [LoadSrcFile SUCCESS]
2018-10-29 23:06:50,569 [LoadSrcFile START...]
2018-10-29 23:06:50,570 [LoadSrcFile SUCCESS]
2018-10-29 23:12:24,754 [LoadSrcFile START...]
2018-10-29 23:12:24,755 [LoadSrcFile SUCCESS]
2018-10-29 23:39:33,466 [LoadSrcFile START...]
2018-10-29 23:39:33,466 [LoadSrcFile SUCCESS]
2018-10-29 23:44:47,386 [LoadSrcFile START...]
2018-10-29 23:44:47,386 [LoadSrcFile SUCCESS]
2018-10-29 23:48:15,774 [LoadSrcFile START...]
2018-10-29 23:48:15,774 [LoadSrcFile SUCCESS]
2018-10-29 23:49:21,720 [LoadSrcFile START...]
2018-10-29 23:49:21,720 [LoadSrcFile SUCCESS]
2018-10-30 03:23:46,515 [LoadSrcFile SUCCESS]
2018-10-30 03:42:41,102 [LoadSrcFile SUCCESS]
2018-10-30 03:44:13,273 [LoadSrcFile SUCCESS]
2018-10-30 03:48:09,584 [LoadSrcFile SUCCESS]
2018-10-30 03:48:57,441 [LoadSrcFile SUCCESS]
2018-10-30 04:23:03,969 [LoadSrcFile SUCCESS]
2018-10-30 04:25:07,579 [LoadSrcFile SUCCESS]
2018-10-30 04:28:51,472 [LoadSrcFile SUCCESS]
2018-10-30 04:30:22,826 [LoadSrcFile SUCCESS]
2018-10-30 04:44:47,839 [LoadSrcFile SUCCESS]
2018-10-30 04:54:58,969 [LoadSrcFile SUCCESS]
2018-10-30 05:49:50,893 [LoadSrcFile SUCCESS]
2018-10-30 05:55:35,255 [LoadSrcFile SUCCESS]
2018-10-30 06:04:18,464 [LoadSrcFile SUCCESS]
2018-10-30 06:32:54,004 [LoadSrcFile SUCCESS]
2018-10-30 06:35:23,900 [LoadSrcFile SUCCESS]
2018-10-30 06:48:11,382 [LoadSrcFile SUCCESS]
2018-10-30 08:53:50,268 [LoadSrcFile SUCCESS]
2018-10-30 13:39:43,919 [LoadSrcFile SUCCESS]
2018-10-30 23:18:07,862 [SearchQuery START...]
2018-10-30 23:18:07,902 [SearchQuery SUCCESS]
2018-10-31 03:59:25,054 [SearchQuery START...]
2018-10-31 03:59:25,094 [SearchQuery exception]
2018-10-31 04:02:41,917 [SearchQuery START...]
2018-10-31 04:02:41,957 [SearchQuery exception]
2018-10-31 04:07:12,136 [SearchQuery START...]
2018-10-31 04:07:12,176 [SearchQuery exception]
2018-10-31 04:07:56,461 [SearchQuery START...]
2018-10-31 04:07:56,499 [SearchQuery exception]
2018-10-31 04:21:19,034 [SearchQuery START...]
2018-10-31 04:21:19,089 [SearchQuery exception]
2018-10-31 04:22:16,174 [SearchQuery START...]
2018-10-31 04:22:47,850 [SearchQuery START...]
2018-10-31 04:26:35,741 [SearchQuery START...]
2018-10-31 04:28:44,747 [SearchQuery START...]
2018-10-31 04:31:45,157 [SearchQuery START...]
2018-10-31 04:33:21,518 [SearchQuery START...]
